<?xml version="1.0" encoding="UTF-8"?>
<testng-results ignored="0" total="1" passed="1" failed="0" skipped="0">
  <reporter-output>
  </reporter-output>
  <suite started-at="2025-02-06T17:02:46 GMT-05:00" name="Default suite" finished-at="2025-02-06T17:02:46 GMT-05:00" duration-ms="88">
    <groups>
    </groups>
    <test started-at="2025-02-06T17:02:46 GMT-05:00" name="Default test" finished-at="2025-02-06T17:02:46 GMT-05:00" duration-ms="88">
      <class name="packone.sample">
        <test-method signature="f()[pri:0, instance:packone.sample@7586beff]" started-at="2025-02-06T17:02:46 GMT-05:00" name="f" finished-at="2025-02-06T17:02:46 GMT-05:00" duration-ms="18" status="PASS">
          <reporter-output>
          </reporter-output>
        </test-method> <!-- f -->
      </class> <!-- packone.sample -->
    </test> <!-- Default test -->
  </suite> <!-- Default suite -->
</testng-results>
